2020-01-08 14:40:15,666 INFO 10042 [Timer] /home/abean/Documents/demos/egg&vue/egg-vue-element-admin-boilerplate/node_modules/_egg-multipart@2.10.1@egg-multipart/app/schedule/clean_tmpdir.js next time will execute after 49784337ms at 2020-01-09 04:30:00.003
2020-01-08 14:40:15,666 INFO 10042 [Timer] /home/abean/Documents/demos/egg&vue/egg-vue-element-admin-boilerplate/node_modules/_egg-logrotator@3.1.0@egg-logrotator/app/schedule/clean_log.js next time will execute after 33584334ms at 2020-01-09 00:00:00.000
2020-01-08 14:40:15,667 INFO 10042 [Timer] /home/abean/Documents/demos/egg&vue/egg-vue-element-admin-boilerplate/node_modules/_egg-logrotator@3.1.0@egg-logrotator/app/schedule/rotate_by_file.js next time will execute after 33585334ms at 2020-01-09 00:00:01.001
2020-01-08 14:40:15,571 INFO 10065 [egg-schedule]: register schedule /home/abean/Documents/demos/egg&vue/egg-vue-element-admin-boilerplate/node_modules/_egg-multipart@2.10.1@egg-multipart/app/schedule/clean_tmpdir.js
2020-01-08 14:40:15,571 INFO 10065 [egg-schedule]: register schedule /home/abean/Documents/demos/egg&vue/egg-vue-element-admin-boilerplate/node_modules/_egg-logrotator@3.1.0@egg-logrotator/app/schedule/clean_log.js
2020-01-08 14:40:15,571 INFO 10065 [egg-schedule]: register schedule /home/abean/Documents/demos/egg&vue/egg-vue-element-admin-boilerplate/node_modules/_egg-logrotator@3.1.0@egg-logrotator/app/schedule/rotate_by_file.js
2020-01-08 15:02:34,534 INFO 13461 [egg-schedule]: register schedule /home/abean/Documents/demos/egg&vue/egg-vue-element-admin-boilerplate/node_modules/_egg-multipart@2.10.1@egg-multipart/app/schedule/clean_tmpdir.js
2020-01-08 15:02:34,534 INFO 13461 [egg-schedule]: register schedule /home/abean/Documents/demos/egg&vue/egg-vue-element-admin-boilerplate/node_modules/_egg-logrotator@3.1.0@egg-logrotator/app/schedule/clean_log.js
2020-01-08 15:02:34,534 INFO 13461 [egg-schedule]: register schedule /home/abean/Documents/demos/egg&vue/egg-vue-element-admin-boilerplate/node_modules/_egg-logrotator@3.1.0@egg-logrotator/app/schedule/rotate_by_file.js
2020-01-08 15:03:51,215 INFO 13573 [egg-schedule]: register schedule /home/abean/Documents/demos/egg&vue/egg-vue-element-admin-boilerplate/node_modules/_egg-multipart@2.10.1@egg-multipart/app/schedule/clean_tmpdir.js
2020-01-08 15:03:51,215 INFO 13573 [egg-schedule]: register schedule /home/abean/Documents/demos/egg&vue/egg-vue-element-admin-boilerplate/node_modules/_egg-logrotator@3.1.0@egg-logrotator/app/schedule/clean_log.js
2020-01-08 15:03:51,215 INFO 13573 [egg-schedule]: register schedule /home/abean/Documents/demos/egg&vue/egg-vue-element-admin-boilerplate/node_modules/_egg-logrotator@3.1.0@egg-logrotator/app/schedule/rotate_by_file.js
2020-01-08 15:04:09,933 INFO 13723 [egg-schedule]: register schedule /home/abean/Documents/demos/egg&vue/egg-vue-element-admin-boilerplate/node_modules/_egg-multipart@2.10.1@egg-multipart/app/schedule/clean_tmpdir.js
2020-01-08 15:04:09,933 INFO 13723 [egg-schedule]: register schedule /home/abean/Documents/demos/egg&vue/egg-vue-element-admin-boilerplate/node_modules/_egg-logrotator@3.1.0@egg-logrotator/app/schedule/clean_log.js
2020-01-08 15:04:09,933 INFO 13723 [egg-schedule]: register schedule /home/abean/Documents/demos/egg&vue/egg-vue-element-admin-boilerplate/node_modules/_egg-logrotator@3.1.0@egg-logrotator/app/schedule/rotate_by_file.js
2020-01-08 15:04:11,963 INFO 13754 [egg-schedule]: register schedule /home/abean/Documents/demos/egg&vue/egg-vue-element-admin-boilerplate/node_modules/_egg-multipart@2.10.1@egg-multipart/app/schedule/clean_tmpdir.js
2020-01-08 15:04:11,963 INFO 13754 [egg-schedule]: register schedule /home/abean/Documents/demos/egg&vue/egg-vue-element-admin-boilerplate/node_modules/_egg-logrotator@3.1.0@egg-logrotator/app/schedule/clean_log.js
2020-01-08 15:04:11,963 INFO 13754 [egg-schedule]: register schedule /home/abean/Documents/demos/egg&vue/egg-vue-element-admin-boilerplate/node_modules/_egg-logrotator@3.1.0@egg-logrotator/app/schedule/rotate_by_file.js
2020-01-08 15:04:17,235 INFO 13796 [egg-schedule]: register schedule /home/abean/Documents/demos/egg&vue/egg-vue-element-admin-boilerplate/node_modules/_egg-multipart@2.10.1@egg-multipart/app/schedule/clean_tmpdir.js
2020-01-08 15:04:17,235 INFO 13796 [egg-schedule]: register schedule /home/abean/Documents/demos/egg&vue/egg-vue-element-admin-boilerplate/node_modules/_egg-logrotator@3.1.0@egg-logrotator/app/schedule/clean_log.js
2020-01-08 15:04:17,235 INFO 13796 [egg-schedule]: register schedule /home/abean/Documents/demos/egg&vue/egg-vue-element-admin-boilerplate/node_modules/_egg-logrotator@3.1.0@egg-logrotator/app/schedule/rotate_by_file.js
2020-01-08 15:04:18,913 INFO 13819 [egg-schedule]: register schedule /home/abean/Documents/demos/egg&vue/egg-vue-element-admin-boilerplate/node_modules/_egg-multipart@2.10.1@egg-multipart/app/schedule/clean_tmpdir.js
2020-01-08 15:04:18,913 INFO 13819 [egg-schedule]: register schedule /home/abean/Documents/demos/egg&vue/egg-vue-element-admin-boilerplate/node_modules/_egg-logrotator@3.1.0@egg-logrotator/app/schedule/clean_log.js
2020-01-08 15:04:18,913 INFO 13819 [egg-schedule]: register schedule /home/abean/Documents/demos/egg&vue/egg-vue-element-admin-boilerplate/node_modules/_egg-logrotator@3.1.0@egg-logrotator/app/schedule/rotate_by_file.js
2020-01-08 15:04:27,372 INFO 13884 [egg-schedule]: register schedule /home/abean/Documents/demos/egg&vue/egg-vue-element-admin-boilerplate/node_modules/_egg-multipart@2.10.1@egg-multipart/app/schedule/clean_tmpdir.js
2020-01-08 15:04:27,372 INFO 13884 [egg-schedule]: register schedule /home/abean/Documents/demos/egg&vue/egg-vue-element-admin-boilerplate/node_modules/_egg-logrotator@3.1.0@egg-logrotator/app/schedule/clean_log.js
2020-01-08 15:04:27,372 INFO 13884 [egg-schedule]: register schedule /home/abean/Documents/demos/egg&vue/egg-vue-element-admin-boilerplate/node_modules/_egg-logrotator@3.1.0@egg-logrotator/app/schedule/rotate_by_file.js
2020-01-08 15:04:51,518 INFO 13991 [egg-schedule]: register schedule /home/abean/Documents/demos/egg&vue/egg-vue-element-admin-boilerplate/node_modules/_egg-multipart@2.10.1@egg-multipart/app/schedule/clean_tmpdir.js
2020-01-08 15:04:51,518 INFO 13991 [egg-schedule]: register schedule /home/abean/Documents/demos/egg&vue/egg-vue-element-admin-boilerplate/node_modules/_egg-logrotator@3.1.0@egg-logrotator/app/schedule/clean_log.js
2020-01-08 15:04:51,518 INFO 13991 [egg-schedule]: register schedule /home/abean/Documents/demos/egg&vue/egg-vue-element-admin-boilerplate/node_modules/_egg-logrotator@3.1.0@egg-logrotator/app/schedule/rotate_by_file.js
2020-01-08 15:05:04,544 INFO 14065 [egg-schedule]: register schedule /home/abean/Documents/demos/egg&vue/egg-vue-element-admin-boilerplate/node_modules/_egg-multipart@2.10.1@egg-multipart/app/schedule/clean_tmpdir.js
2020-01-08 15:05:04,544 INFO 14065 [egg-schedule]: register schedule /home/abean/Documents/demos/egg&vue/egg-vue-element-admin-boilerplate/node_modules/_egg-logrotator@3.1.0@egg-logrotator/app/schedule/clean_log.js
2020-01-08 15:05:04,544 INFO 14065 [egg-schedule]: register schedule /home/abean/Documents/demos/egg&vue/egg-vue-element-admin-boilerplate/node_modules/_egg-logrotator@3.1.0@egg-logrotator/app/schedule/rotate_by_file.js
2020-01-08 15:05:07,498 INFO 14095 [egg-schedule]: register schedule /home/abean/Documents/demos/egg&vue/egg-vue-element-admin-boilerplate/node_modules/_egg-multipart@2.10.1@egg-multipart/app/schedule/clean_tmpdir.js
2020-01-08 15:05:07,499 INFO 14095 [egg-schedule]: register schedule /home/abean/Documents/demos/egg&vue/egg-vue-element-admin-boilerplate/node_modules/_egg-logrotator@3.1.0@egg-logrotator/app/schedule/clean_log.js
2020-01-08 15:05:07,499 INFO 14095 [egg-schedule]: register schedule /home/abean/Documents/demos/egg&vue/egg-vue-element-admin-boilerplate/node_modules/_egg-logrotator@3.1.0@egg-logrotator/app/schedule/rotate_by_file.js
2020-01-08 15:05:09,587 INFO 14118 [egg-schedule]: register schedule /home/abean/Documents/demos/egg&vue/egg-vue-element-admin-boilerplate/node_modules/_egg-multipart@2.10.1@egg-multipart/app/schedule/clean_tmpdir.js
2020-01-08 15:05:09,587 INFO 14118 [egg-schedule]: register schedule /home/abean/Documents/demos/egg&vue/egg-vue-element-admin-boilerplate/node_modules/_egg-logrotator@3.1.0@egg-logrotator/app/schedule/clean_log.js
2020-01-08 15:05:09,587 INFO 14118 [egg-schedule]: register schedule /home/abean/Documents/demos/egg&vue/egg-vue-element-admin-boilerplate/node_modules/_egg-logrotator@3.1.0@egg-logrotator/app/schedule/rotate_by_file.js
2020-01-08 15:05:09,831 INFO 14125 [egg-schedule]: register schedule /home/abean/Documents/demos/egg&vue/egg-vue-element-admin-boilerplate/node_modules/_egg-multipart@2.10.1@egg-multipart/app/schedule/clean_tmpdir.js
2020-01-08 15:05:09,831 INFO 14125 [egg-schedule]: register schedule /home/abean/Documents/demos/egg&vue/egg-vue-element-admin-boilerplate/node_modules/_egg-logrotator@3.1.0@egg-logrotator/app/schedule/clean_log.js
2020-01-08 15:05:09,831 INFO 14125 [egg-schedule]: register schedule /home/abean/Documents/demos/egg&vue/egg-vue-element-admin-boilerplate/node_modules/_egg-logrotator@3.1.0@egg-logrotator/app/schedule/rotate_by_file.js
2020-01-08 15:05:11,399 INFO 14166 [egg-schedule]: register schedule /home/abean/Documents/demos/egg&vue/egg-vue-element-admin-boilerplate/node_modules/_egg-multipart@2.10.1@egg-multipart/app/schedule/clean_tmpdir.js
2020-01-08 15:05:11,399 INFO 14166 [egg-schedule]: register schedule /home/abean/Documents/demos/egg&vue/egg-vue-element-admin-boilerplate/node_modules/_egg-logrotator@3.1.0@egg-logrotator/app/schedule/clean_log.js
2020-01-08 15:05:11,400 INFO 14166 [egg-schedule]: register schedule /home/abean/Documents/demos/egg&vue/egg-vue-element-admin-boilerplate/node_modules/_egg-logrotator@3.1.0@egg-logrotator/app/schedule/rotate_by_file.js
2020-01-08 15:05:12,353 INFO 14177 [egg-schedule]: register schedule /home/abean/Documents/demos/egg&vue/egg-vue-element-admin-boilerplate/node_modules/_egg-multipart@2.10.1@egg-multipart/app/schedule/clean_tmpdir.js
2020-01-08 15:05:12,353 INFO 14177 [egg-schedule]: register schedule /home/abean/Documents/demos/egg&vue/egg-vue-element-admin-boilerplate/node_modules/_egg-logrotator@3.1.0@egg-logrotator/app/schedule/clean_log.js
2020-01-08 15:05:12,353 INFO 14177 [egg-schedule]: register schedule /home/abean/Documents/demos/egg&vue/egg-vue-element-admin-boilerplate/node_modules/_egg-logrotator@3.1.0@egg-logrotator/app/schedule/rotate_by_file.js
2020-01-08 15:05:19,547 INFO 14224 [egg-schedule]: register schedule /home/abean/Documents/demos/egg&vue/egg-vue-element-admin-boilerplate/node_modules/_egg-multipart@2.10.1@egg-multipart/app/schedule/clean_tmpdir.js
2020-01-08 15:05:19,547 INFO 14224 [egg-schedule]: register schedule /home/abean/Documents/demos/egg&vue/egg-vue-element-admin-boilerplate/node_modules/_egg-logrotator@3.1.0@egg-logrotator/app/schedule/clean_log.js
2020-01-08 15:05:19,547 INFO 14224 [egg-schedule]: register schedule /home/abean/Documents/demos/egg&vue/egg-vue-element-admin-boilerplate/node_modules/_egg-logrotator@3.1.0@egg-logrotator/app/schedule/rotate_by_file.js
2020-01-08 15:05:46,935 INFO 14392 [egg-schedule]: register schedule /home/abean/Documents/demos/egg&vue/egg-vue-element-admin-boilerplate/node_modules/_egg-multipart@2.10.1@egg-multipart/app/schedule/clean_tmpdir.js
2020-01-08 15:05:46,935 INFO 14392 [egg-schedule]: register schedule /home/abean/Documents/demos/egg&vue/egg-vue-element-admin-boilerplate/node_modules/_egg-logrotator@3.1.0@egg-logrotator/app/schedule/clean_log.js
2020-01-08 15:05:46,935 INFO 14392 [egg-schedule]: register schedule /home/abean/Documents/demos/egg&vue/egg-vue-element-admin-boilerplate/node_modules/_egg-logrotator@3.1.0@egg-logrotator/app/schedule/rotate_by_file.js
2020-01-08 15:05:48,623 INFO 14419 [egg-schedule]: register schedule /home/abean/Documents/demos/egg&vue/egg-vue-element-admin-boilerplate/node_modules/_egg-multipart@2.10.1@egg-multipart/app/schedule/clean_tmpdir.js
2020-01-08 15:05:48,623 INFO 14419 [egg-schedule]: register schedule /home/abean/Documents/demos/egg&vue/egg-vue-element-admin-boilerplate/node_modules/_egg-logrotator@3.1.0@egg-logrotator/app/schedule/clean_log.js
2020-01-08 15:05:48,623 INFO 14419 [egg-schedule]: register schedule /home/abean/Documents/demos/egg&vue/egg-vue-element-admin-boilerplate/node_modules/_egg-logrotator@3.1.0@egg-logrotator/app/schedule/rotate_by_file.js
2020-01-08 15:07:05,352 INFO 14694 [egg-schedule]: register schedule /home/abean/Documents/demos/egg&vue/egg-vue-element-admin-boilerplate/node_modules/_egg-multipart@2.10.1@egg-multipart/app/schedule/clean_tmpdir.js
2020-01-08 15:07:05,352 INFO 14694 [egg-schedule]: register schedule /home/abean/Documents/demos/egg&vue/egg-vue-element-admin-boilerplate/node_modules/_egg-logrotator@3.1.0@egg-logrotator/app/schedule/clean_log.js
2020-01-08 15:07:05,352 INFO 14694 [egg-schedule]: register schedule /home/abean/Documents/demos/egg&vue/egg-vue-element-admin-boilerplate/node_modules/_egg-logrotator@3.1.0@egg-logrotator/app/schedule/rotate_by_file.js
2020-01-08 15:07:09,548 INFO 14734 [egg-schedule]: register schedule /home/abean/Documents/demos/egg&vue/egg-vue-element-admin-boilerplate/node_modules/_egg-multipart@2.10.1@egg-multipart/app/schedule/clean_tmpdir.js
2020-01-08 15:07:09,548 INFO 14734 [egg-schedule]: register schedule /home/abean/Documents/demos/egg&vue/egg-vue-element-admin-boilerplate/node_modules/_egg-logrotator@3.1.0@egg-logrotator/app/schedule/clean_log.js
2020-01-08 15:07:09,548 INFO 14734 [egg-schedule]: register schedule /home/abean/Documents/demos/egg&vue/egg-vue-element-admin-boilerplate/node_modules/_egg-logrotator@3.1.0@egg-logrotator/app/schedule/rotate_by_file.js
2020-01-08 15:07:13,204 INFO 14765 [egg-schedule]: register schedule /home/abean/Documents/demos/egg&vue/egg-vue-element-admin-boilerplate/node_modules/_egg-multipart@2.10.1@egg-multipart/app/schedule/clean_tmpdir.js
2020-01-08 15:07:13,204 INFO 14765 [egg-schedule]: register schedule /home/abean/Documents/demos/egg&vue/egg-vue-element-admin-boilerplate/node_modules/_egg-logrotator@3.1.0@egg-logrotator/app/schedule/clean_log.js
2020-01-08 15:07:13,204 INFO 14765 [egg-schedule]: register schedule /home/abean/Documents/demos/egg&vue/egg-vue-element-admin-boilerplate/node_modules/_egg-logrotator@3.1.0@egg-logrotator/app/schedule/rotate_by_file.js
2020-01-08 15:07:14,708 INFO 14788 [egg-schedule]: register schedule /home/abean/Documents/demos/egg&vue/egg-vue-element-admin-boilerplate/node_modules/_egg-multipart@2.10.1@egg-multipart/app/schedule/clean_tmpdir.js
2020-01-08 15:07:14,708 INFO 14788 [egg-schedule]: register schedule /home/abean/Documents/demos/egg&vue/egg-vue-element-admin-boilerplate/node_modules/_egg-logrotator@3.1.0@egg-logrotator/app/schedule/clean_log.js
2020-01-08 15:07:14,708 INFO 14788 [egg-schedule]: register schedule /home/abean/Documents/demos/egg&vue/egg-vue-element-admin-boilerplate/node_modules/_egg-logrotator@3.1.0@egg-logrotator/app/schedule/rotate_by_file.js
2020-01-08 15:07:18,002 INFO 14818 [egg-schedule]: register schedule /home/abean/Documents/demos/egg&vue/egg-vue-element-admin-boilerplate/node_modules/_egg-multipart@2.10.1@egg-multipart/app/schedule/clean_tmpdir.js
2020-01-08 15:07:18,002 INFO 14818 [egg-schedule]: register schedule /home/abean/Documents/demos/egg&vue/egg-vue-element-admin-boilerplate/node_modules/_egg-logrotator@3.1.0@egg-logrotator/app/schedule/clean_log.js
2020-01-08 15:07:18,002 INFO 14818 [egg-schedule]: register schedule /home/abean/Documents/demos/egg&vue/egg-vue-element-admin-boilerplate/node_modules/_egg-logrotator@3.1.0@egg-logrotator/app/schedule/rotate_by_file.js
2020-01-08 15:07:23,023 INFO 14849 [egg-schedule]: register schedule /home/abean/Documents/demos/egg&vue/egg-vue-element-admin-boilerplate/node_modules/_egg-multipart@2.10.1@egg-multipart/app/schedule/clean_tmpdir.js
2020-01-08 15:07:23,024 INFO 14849 [egg-schedule]: register schedule /home/abean/Documents/demos/egg&vue/egg-vue-element-admin-boilerplate/node_modules/_egg-logrotator@3.1.0@egg-logrotator/app/schedule/clean_log.js
2020-01-08 15:07:23,024 INFO 14849 [egg-schedule]: register schedule /home/abean/Documents/demos/egg&vue/egg-vue-element-admin-boilerplate/node_modules/_egg-logrotator@3.1.0@egg-logrotator/app/schedule/rotate_by_file.js
2020-01-08 15:07:24,768 INFO 14872 [egg-schedule]: register schedule /home/abean/Documents/demos/egg&vue/egg-vue-element-admin-boilerplate/node_modules/_egg-multipart@2.10.1@egg-multipart/app/schedule/clean_tmpdir.js
2020-01-08 15:07:24,768 INFO 14872 [egg-schedule]: register schedule /home/abean/Documents/demos/egg&vue/egg-vue-element-admin-boilerplate/node_modules/_egg-logrotator@3.1.0@egg-logrotator/app/schedule/clean_log.js
2020-01-08 15:07:24,768 INFO 14872 [egg-schedule]: register schedule /home/abean/Documents/demos/egg&vue/egg-vue-element-admin-boilerplate/node_modules/_egg-logrotator@3.1.0@egg-logrotator/app/schedule/rotate_by_file.js
2020-01-08 15:07:36,618 INFO 14913 [egg-schedule]: register schedule /home/abean/Documents/demos/egg&vue/egg-vue-element-admin-boilerplate/node_modules/_egg-multipart@2.10.1@egg-multipart/app/schedule/clean_tmpdir.js
2020-01-08 15:07:36,618 INFO 14913 [egg-schedule]: register schedule /home/abean/Documents/demos/egg&vue/egg-vue-element-admin-boilerplate/node_modules/_egg-logrotator@3.1.0@egg-logrotator/app/schedule/clean_log.js
2020-01-08 15:07:36,618 INFO 14913 [egg-schedule]: register schedule /home/abean/Documents/demos/egg&vue/egg-vue-element-admin-boilerplate/node_modules/_egg-logrotator@3.1.0@egg-logrotator/app/schedule/rotate_by_file.js
2020-01-08 15:08:00,700 INFO 15101 [egg-schedule]: register schedule /home/abean/Documents/demos/egg&vue/egg-vue-element-admin-boilerplate/node_modules/_egg-multipart@2.10.1@egg-multipart/app/schedule/clean_tmpdir.js
2020-01-08 15:08:00,700 INFO 15101 [egg-schedule]: register schedule /home/abean/Documents/demos/egg&vue/egg-vue-element-admin-boilerplate/node_modules/_egg-logrotator@3.1.0@egg-logrotator/app/schedule/clean_log.js
2020-01-08 15:08:00,700 INFO 15101 [egg-schedule]: register schedule /home/abean/Documents/demos/egg&vue/egg-vue-element-admin-boilerplate/node_modules/_egg-logrotator@3.1.0@egg-logrotator/app/schedule/rotate_by_file.js
2020-01-08 15:08:04,832 INFO 15139 [egg-schedule]: register schedule /home/abean/Documents/demos/egg&vue/egg-vue-element-admin-boilerplate/node_modules/_egg-multipart@2.10.1@egg-multipart/app/schedule/clean_tmpdir.js
2020-01-08 15:08:04,832 INFO 15139 [egg-schedule]: register schedule /home/abean/Documents/demos/egg&vue/egg-vue-element-admin-boilerplate/node_modules/_egg-logrotator@3.1.0@egg-logrotator/app/schedule/clean_log.js
2020-01-08 15:08:04,832 INFO 15139 [egg-schedule]: register schedule /home/abean/Documents/demos/egg&vue/egg-vue-element-admin-boilerplate/node_modules/_egg-logrotator@3.1.0@egg-logrotator/app/schedule/rotate_by_file.js
2020-01-08 15:08:07,134 INFO 15162 [egg-schedule]: register schedule /home/abean/Documents/demos/egg&vue/egg-vue-element-admin-boilerplate/node_modules/_egg-multipart@2.10.1@egg-multipart/app/schedule/clean_tmpdir.js
2020-01-08 15:08:07,134 INFO 15162 [egg-schedule]: register schedule /home/abean/Documents/demos/egg&vue/egg-vue-element-admin-boilerplate/node_modules/_egg-logrotator@3.1.0@egg-logrotator/app/schedule/clean_log.js
2020-01-08 15:08:07,134 INFO 15162 [egg-schedule]: register schedule /home/abean/Documents/demos/egg&vue/egg-vue-element-admin-boilerplate/node_modules/_egg-logrotator@3.1.0@egg-logrotator/app/schedule/rotate_by_file.js
2020-01-08 15:08:08,626 INFO 15192 [egg-schedule]: register schedule /home/abean/Documents/demos/egg&vue/egg-vue-element-admin-boilerplate/node_modules/_egg-multipart@2.10.1@egg-multipart/app/schedule/clean_tmpdir.js
2020-01-08 15:08:08,626 INFO 15192 [egg-schedule]: register schedule /home/abean/Documents/demos/egg&vue/egg-vue-element-admin-boilerplate/node_modules/_egg-logrotator@3.1.0@egg-logrotator/app/schedule/clean_log.js
2020-01-08 15:08:08,627 INFO 15192 [egg-schedule]: register schedule /home/abean/Documents/demos/egg&vue/egg-vue-element-admin-boilerplate/node_modules/_egg-logrotator@3.1.0@egg-logrotator/app/schedule/rotate_by_file.js
2020-01-08 15:08:15,857 INFO 15231 [egg-schedule]: register schedule /home/abean/Documents/demos/egg&vue/egg-vue-element-admin-boilerplate/node_modules/_egg-multipart@2.10.1@egg-multipart/app/schedule/clean_tmpdir.js
2020-01-08 15:08:15,857 INFO 15231 [egg-schedule]: register schedule /home/abean/Documents/demos/egg&vue/egg-vue-element-admin-boilerplate/node_modules/_egg-logrotator@3.1.0@egg-logrotator/app/schedule/clean_log.js
2020-01-08 15:08:15,857 INFO 15231 [egg-schedule]: register schedule /home/abean/Documents/demos/egg&vue/egg-vue-element-admin-boilerplate/node_modules/_egg-logrotator@3.1.0@egg-logrotator/app/schedule/rotate_by_file.js
2020-01-08 15:08:17,872 INFO 15254 [egg-schedule]: register schedule /home/abean/Documents/demos/egg&vue/egg-vue-element-admin-boilerplate/node_modules/_egg-multipart@2.10.1@egg-multipart/app/schedule/clean_tmpdir.js
2020-01-08 15:08:17,872 INFO 15254 [egg-schedule]: register schedule /home/abean/Documents/demos/egg&vue/egg-vue-element-admin-boilerplate/node_modules/_egg-logrotator@3.1.0@egg-logrotator/app/schedule/clean_log.js
2020-01-08 15:08:17,872 INFO 15254 [egg-schedule]: register schedule /home/abean/Documents/demos/egg&vue/egg-vue-element-admin-boilerplate/node_modules/_egg-logrotator@3.1.0@egg-logrotator/app/schedule/rotate_by_file.js
2020-01-08 15:08:21,591 INFO 15281 [egg-schedule]: register schedule /home/abean/Documents/demos/egg&vue/egg-vue-element-admin-boilerplate/node_modules/_egg-multipart@2.10.1@egg-multipart/app/schedule/clean_tmpdir.js
2020-01-08 15:08:21,591 INFO 15281 [egg-schedule]: register schedule /home/abean/Documents/demos/egg&vue/egg-vue-element-admin-boilerplate/node_modules/_egg-logrotator@3.1.0@egg-logrotator/app/schedule/clean_log.js
2020-01-08 15:08:21,591 INFO 15281 [egg-schedule]: register schedule /home/abean/Documents/demos/egg&vue/egg-vue-element-admin-boilerplate/node_modules/_egg-logrotator@3.1.0@egg-logrotator/app/schedule/rotate_by_file.js
2020-01-08 15:08:33,959 INFO 15321 [egg-schedule]: register schedule /home/abean/Documents/demos/egg&vue/egg-vue-element-admin-boilerplate/node_modules/_egg-multipart@2.10.1@egg-multipart/app/schedule/clean_tmpdir.js
2020-01-08 15:08:33,959 INFO 15321 [egg-schedule]: register schedule /home/abean/Documents/demos/egg&vue/egg-vue-element-admin-boilerplate/node_modules/_egg-logrotator@3.1.0@egg-logrotator/app/schedule/clean_log.js
2020-01-08 15:08:33,959 INFO 15321 [egg-schedule]: register schedule /home/abean/Documents/demos/egg&vue/egg-vue-element-admin-boilerplate/node_modules/_egg-logrotator@3.1.0@egg-logrotator/app/schedule/rotate_by_file.js
2020-01-08 15:08:59,861 INFO 15460 [egg-schedule]: register schedule /home/abean/Documents/demos/egg&vue/egg-vue-element-admin-boilerplate/node_modules/_egg-multipart@2.10.1@egg-multipart/app/schedule/clean_tmpdir.js
2020-01-08 15:08:59,861 INFO 15460 [egg-schedule]: register schedule /home/abean/Documents/demos/egg&vue/egg-vue-element-admin-boilerplate/node_modules/_egg-logrotator@3.1.0@egg-logrotator/app/schedule/clean_log.js
2020-01-08 15:08:59,861 INFO 15460 [egg-schedule]: register schedule /home/abean/Documents/demos/egg&vue/egg-vue-element-admin-boilerplate/node_modules/_egg-logrotator@3.1.0@egg-logrotator/app/schedule/rotate_by_file.js
2020-01-08 15:09:03,288 INFO 15493 [egg-schedule]: register schedule /home/abean/Documents/demos/egg&vue/egg-vue-element-admin-boilerplate/node_modules/_egg-multipart@2.10.1@egg-multipart/app/schedule/clean_tmpdir.js
2020-01-08 15:09:03,288 INFO 15493 [egg-schedule]: register schedule /home/abean/Documents/demos/egg&vue/egg-vue-element-admin-boilerplate/node_modules/_egg-logrotator@3.1.0@egg-logrotator/app/schedule/clean_log.js
2020-01-08 15:09:03,288 INFO 15493 [egg-schedule]: register schedule /home/abean/Documents/demos/egg&vue/egg-vue-element-admin-boilerplate/node_modules/_egg-logrotator@3.1.0@egg-logrotator/app/schedule/rotate_by_file.js
2020-01-08 15:09:06,259 INFO 15531 [egg-schedule]: register schedule /home/abean/Documents/demos/egg&vue/egg-vue-element-admin-boilerplate/node_modules/_egg-multipart@2.10.1@egg-multipart/app/schedule/clean_tmpdir.js
2020-01-08 15:09:06,259 INFO 15531 [egg-schedule]: register schedule /home/abean/Documents/demos/egg&vue/egg-vue-element-admin-boilerplate/node_modules/_egg-logrotator@3.1.0@egg-logrotator/app/schedule/clean_log.js
2020-01-08 15:09:06,259 INFO 15531 [egg-schedule]: register schedule /home/abean/Documents/demos/egg&vue/egg-vue-element-admin-boilerplate/node_modules/_egg-logrotator@3.1.0@egg-logrotator/app/schedule/rotate_by_file.js
2020-01-08 15:09:09,799 INFO 15562 [egg-schedule]: register schedule /home/abean/Documents/demos/egg&vue/egg-vue-element-admin-boilerplate/node_modules/_egg-multipart@2.10.1@egg-multipart/app/schedule/clean_tmpdir.js
2020-01-08 15:09:09,799 INFO 15562 [egg-schedule]: register schedule /home/abean/Documents/demos/egg&vue/egg-vue-element-admin-boilerplate/node_modules/_egg-logrotator@3.1.0@egg-logrotator/app/schedule/clean_log.js
2020-01-08 15:09:09,799 INFO 15562 [egg-schedule]: register schedule /home/abean/Documents/demos/egg&vue/egg-vue-element-admin-boilerplate/node_modules/_egg-logrotator@3.1.0@egg-logrotator/app/schedule/rotate_by_file.js
2020-01-08 15:09:11,903 INFO 15592 [egg-schedule]: register schedule /home/abean/Documents/demos/egg&vue/egg-vue-element-admin-boilerplate/node_modules/_egg-multipart@2.10.1@egg-multipart/app/schedule/clean_tmpdir.js
2020-01-08 15:09:11,903 INFO 15592 [egg-schedule]: register schedule /home/abean/Documents/demos/egg&vue/egg-vue-element-admin-boilerplate/node_modules/_egg-logrotator@3.1.0@egg-logrotator/app/schedule/clean_log.js
2020-01-08 15:09:11,903 INFO 15592 [egg-schedule]: register schedule /home/abean/Documents/demos/egg&vue/egg-vue-element-admin-boilerplate/node_modules/_egg-logrotator@3.1.0@egg-logrotator/app/schedule/rotate_by_file.js
2020-01-08 15:09:20,670 INFO 15624 [egg-schedule]: register schedule /home/abean/Documents/demos/egg&vue/egg-vue-element-admin-boilerplate/node_modules/_egg-multipart@2.10.1@egg-multipart/app/schedule/clean_tmpdir.js
2020-01-08 15:09:20,671 INFO 15624 [egg-schedule]: register schedule /home/abean/Documents/demos/egg&vue/egg-vue-element-admin-boilerplate/node_modules/_egg-logrotator@3.1.0@egg-logrotator/app/schedule/clean_log.js
2020-01-08 15:09:20,671 INFO 15624 [egg-schedule]: register schedule /home/abean/Documents/demos/egg&vue/egg-vue-element-admin-boilerplate/node_modules/_egg-logrotator@3.1.0@egg-logrotator/app/schedule/rotate_by_file.js
2020-01-08 15:09:43,124 INFO 15757 [egg-schedule]: register schedule /home/abean/Documents/demos/egg&vue/egg-vue-element-admin-boilerplate/node_modules/_egg-multipart@2.10.1@egg-multipart/app/schedule/clean_tmpdir.js
2020-01-08 15:09:43,124 INFO 15757 [egg-schedule]: register schedule /home/abean/Documents/demos/egg&vue/egg-vue-element-admin-boilerplate/node_modules/_egg-logrotator@3.1.0@egg-logrotator/app/schedule/clean_log.js
2020-01-08 15:09:43,124 INFO 15757 [egg-schedule]: register schedule /home/abean/Documents/demos/egg&vue/egg-vue-element-admin-boilerplate/node_modules/_egg-logrotator@3.1.0@egg-logrotator/app/schedule/rotate_by_file.js
2020-01-08 15:09:46,815 INFO 15791 [egg-schedule]: register schedule /home/abean/Documents/demos/egg&vue/egg-vue-element-admin-boilerplate/node_modules/_egg-multipart@2.10.1@egg-multipart/app/schedule/clean_tmpdir.js
2020-01-08 15:09:46,815 INFO 15791 [egg-schedule]: register schedule /home/abean/Documents/demos/egg&vue/egg-vue-element-admin-boilerplate/node_modules/_egg-logrotator@3.1.0@egg-logrotator/app/schedule/clean_log.js
2020-01-08 15:09:46,815 INFO 15791 [egg-schedule]: register schedule /home/abean/Documents/demos/egg&vue/egg-vue-element-admin-boilerplate/node_modules/_egg-logrotator@3.1.0@egg-logrotator/app/schedule/rotate_by_file.js
2020-01-08 15:09:48,398 INFO 15829 [egg-schedule]: register schedule /home/abean/Documents/demos/egg&vue/egg-vue-element-admin-boilerplate/node_modules/_egg-multipart@2.10.1@egg-multipart/app/schedule/clean_tmpdir.js
2020-01-08 15:09:48,398 INFO 15829 [egg-schedule]: register schedule /home/abean/Documents/demos/egg&vue/egg-vue-element-admin-boilerplate/node_modules/_egg-logrotator@3.1.0@egg-logrotator/app/schedule/clean_log.js
2020-01-08 15:09:48,398 INFO 15829 [egg-schedule]: register schedule /home/abean/Documents/demos/egg&vue/egg-vue-element-admin-boilerplate/node_modules/_egg-logrotator@3.1.0@egg-logrotator/app/schedule/rotate_by_file.js
2020-01-08 15:09:49,623 INFO 15848 [egg-schedule]: register schedule /home/abean/Documents/demos/egg&vue/egg-vue-element-admin-boilerplate/node_modules/_egg-multipart@2.10.1@egg-multipart/app/schedule/clean_tmpdir.js
2020-01-08 15:09:49,623 INFO 15848 [egg-schedule]: register schedule /home/abean/Documents/demos/egg&vue/egg-vue-element-admin-boilerplate/node_modules/_egg-logrotator@3.1.0@egg-logrotator/app/schedule/clean_log.js
2020-01-08 15:09:49,623 INFO 15848 [egg-schedule]: register schedule /home/abean/Documents/demos/egg&vue/egg-vue-element-admin-boilerplate/node_modules/_egg-logrotator@3.1.0@egg-logrotator/app/schedule/rotate_by_file.js
2020-01-08 15:09:54,962 INFO 15890 [egg-schedule]: register schedule /home/abean/Documents/demos/egg&vue/egg-vue-element-admin-boilerplate/node_modules/_egg-multipart@2.10.1@egg-multipart/app/schedule/clean_tmpdir.js
2020-01-08 15:09:54,962 INFO 15890 [egg-schedule]: register schedule /home/abean/Documents/demos/egg&vue/egg-vue-element-admin-boilerplate/node_modules/_egg-logrotator@3.1.0@egg-logrotator/app/schedule/clean_log.js
2020-01-08 15:09:54,962 INFO 15890 [egg-schedule]: register schedule /home/abean/Documents/demos/egg&vue/egg-vue-element-admin-boilerplate/node_modules/_egg-logrotator@3.1.0@egg-logrotator/app/schedule/rotate_by_file.js
2020-01-08 15:10:11,299 INFO 16081 [egg-schedule]: register schedule /home/abean/Documents/demos/egg&vue/egg-vue-element-admin-boilerplate/node_modules/_egg-multipart@2.10.1@egg-multipart/app/schedule/clean_tmpdir.js
2020-01-08 15:10:11,299 INFO 16081 [egg-schedule]: register schedule /home/abean/Documents/demos/egg&vue/egg-vue-element-admin-boilerplate/node_modules/_egg-logrotator@3.1.0@egg-logrotator/app/schedule/clean_log.js
2020-01-08 15:10:11,299 INFO 16081 [egg-schedule]: register schedule /home/abean/Documents/demos/egg&vue/egg-vue-element-admin-boilerplate/node_modules/_egg-logrotator@3.1.0@egg-logrotator/app/schedule/rotate_by_file.js
2020-01-08 15:10:17,844 INFO 16179 [egg-schedule]: register schedule /home/abean/Documents/demos/egg&vue/egg-vue-element-admin-boilerplate/node_modules/_egg-multipart@2.10.1@egg-multipart/app/schedule/clean_tmpdir.js
2020-01-08 15:10:17,844 INFO 16179 [egg-schedule]: register schedule /home/abean/Documents/demos/egg&vue/egg-vue-element-admin-boilerplate/node_modules/_egg-logrotator@3.1.0@egg-logrotator/app/schedule/clean_log.js
2020-01-08 15:10:17,844 INFO 16179 [egg-schedule]: register schedule /home/abean/Documents/demos/egg&vue/egg-vue-element-admin-boilerplate/node_modules/_egg-logrotator@3.1.0@egg-logrotator/app/schedule/rotate_by_file.js
2020-01-08 15:10:19,445 INFO 16202 [egg-schedule]: register schedule /home/abean/Documents/demos/egg&vue/egg-vue-element-admin-boilerplate/node_modules/_egg-multipart@2.10.1@egg-multipart/app/schedule/clean_tmpdir.js
2020-01-08 15:10:19,445 INFO 16202 [egg-schedule]: register schedule /home/abean/Documents/demos/egg&vue/egg-vue-element-admin-boilerplate/node_modules/_egg-logrotator@3.1.0@egg-logrotator/app/schedule/clean_log.js
2020-01-08 15:10:19,445 INFO 16202 [egg-schedule]: register schedule /home/abean/Documents/demos/egg&vue/egg-vue-element-admin-boilerplate/node_modules/_egg-logrotator@3.1.0@egg-logrotator/app/schedule/rotate_by_file.js
2020-01-08 15:10:23,160 INFO 16240 [egg-schedule]: register schedule /home/abean/Documents/demos/egg&vue/egg-vue-element-admin-boilerplate/node_modules/_egg-multipart@2.10.1@egg-multipart/app/schedule/clean_tmpdir.js
2020-01-08 15:10:23,160 INFO 16240 [egg-schedule]: register schedule /home/abean/Documents/demos/egg&vue/egg-vue-element-admin-boilerplate/node_modules/_egg-logrotator@3.1.0@egg-logrotator/app/schedule/clean_log.js
2020-01-08 15:10:23,160 INFO 16240 [egg-schedule]: register schedule /home/abean/Documents/demos/egg&vue/egg-vue-element-admin-boilerplate/node_modules/_egg-logrotator@3.1.0@egg-logrotator/app/schedule/rotate_by_file.js
2020-01-08 15:10:24,722 INFO 16271 [egg-schedule]: register schedule /home/abean/Documents/demos/egg&vue/egg-vue-element-admin-boilerplate/node_modules/_egg-multipart@2.10.1@egg-multipart/app/schedule/clean_tmpdir.js
2020-01-08 15:10:24,722 INFO 16271 [egg-schedule]: register schedule /home/abean/Documents/demos/egg&vue/egg-vue-element-admin-boilerplate/node_modules/_egg-logrotator@3.1.0@egg-logrotator/app/schedule/clean_log.js
2020-01-08 15:10:24,722 INFO 16271 [egg-schedule]: register schedule /home/abean/Documents/demos/egg&vue/egg-vue-element-admin-boilerplate/node_modules/_egg-logrotator@3.1.0@egg-logrotator/app/schedule/rotate_by_file.js
2020-01-08 15:10:29,205 INFO 16309 [egg-schedule]: register schedule /home/abean/Documents/demos/egg&vue/egg-vue-element-admin-boilerplate/node_modules/_egg-multipart@2.10.1@egg-multipart/app/schedule/clean_tmpdir.js
2020-01-08 15:10:29,205 INFO 16309 [egg-schedule]: register schedule /home/abean/Documents/demos/egg&vue/egg-vue-element-admin-boilerplate/node_modules/_egg-logrotator@3.1.0@egg-logrotator/app/schedule/clean_log.js
2020-01-08 15:10:29,205 INFO 16309 [egg-schedule]: register schedule /home/abean/Documents/demos/egg&vue/egg-vue-element-admin-boilerplate/node_modules/_egg-logrotator@3.1.0@egg-logrotator/app/schedule/rotate_by_file.js
2020-01-08 15:10:32,134 INFO 16357 [egg-schedule]: register schedule /home/abean/Documents/demos/egg&vue/egg-vue-element-admin-boilerplate/node_modules/_egg-multipart@2.10.1@egg-multipart/app/schedule/clean_tmpdir.js
2020-01-08 15:10:32,134 INFO 16357 [egg-schedule]: register schedule /home/abean/Documents/demos/egg&vue/egg-vue-element-admin-boilerplate/node_modules/_egg-logrotator@3.1.0@egg-logrotator/app/schedule/clean_log.js
2020-01-08 15:10:32,134 INFO 16357 [egg-schedule]: register schedule /home/abean/Documents/demos/egg&vue/egg-vue-element-admin-boilerplate/node_modules/_egg-logrotator@3.1.0@egg-logrotator/app/schedule/rotate_by_file.js
2020-01-08 15:10:36,347 INFO 16396 [egg-schedule]: register schedule /home/abean/Documents/demos/egg&vue/egg-vue-element-admin-boilerplate/node_modules/_egg-multipart@2.10.1@egg-multipart/app/schedule/clean_tmpdir.js
2020-01-08 15:10:36,348 INFO 16396 [egg-schedule]: register schedule /home/abean/Documents/demos/egg&vue/egg-vue-element-admin-boilerplate/node_modules/_egg-logrotator@3.1.0@egg-logrotator/app/schedule/clean_log.js
2020-01-08 15:10:36,348 INFO 16396 [egg-schedule]: register schedule /home/abean/Documents/demos/egg&vue/egg-vue-element-admin-boilerplate/node_modules/_egg-logrotator@3.1.0@egg-logrotator/app/schedule/rotate_by_file.js
2020-01-08 15:10:38,153 INFO 16427 [egg-schedule]: register schedule /home/abean/Documents/demos/egg&vue/egg-vue-element-admin-boilerplate/node_modules/_egg-multipart@2.10.1@egg-multipart/app/schedule/clean_tmpdir.js
2020-01-08 15:10:38,154 INFO 16427 [egg-schedule]: register schedule /home/abean/Documents/demos/egg&vue/egg-vue-element-admin-boilerplate/node_modules/_egg-logrotator@3.1.0@egg-logrotator/app/schedule/clean_log.js
2020-01-08 15:10:38,154 INFO 16427 [egg-schedule]: register schedule /home/abean/Documents/demos/egg&vue/egg-vue-element-admin-boilerplate/node_modules/_egg-logrotator@3.1.0@egg-logrotator/app/schedule/rotate_by_file.js
2020-01-08 15:10:42,931 INFO 16467 [egg-schedule]: register schedule /home/abean/Documents/demos/egg&vue/egg-vue-element-admin-boilerplate/node_modules/_egg-multipart@2.10.1@egg-multipart/app/schedule/clean_tmpdir.js
2020-01-08 15:10:42,931 INFO 16467 [egg-schedule]: register schedule /home/abean/Documents/demos/egg&vue/egg-vue-element-admin-boilerplate/node_modules/_egg-logrotator@3.1.0@egg-logrotator/app/schedule/clean_log.js
2020-01-08 15:10:42,932 INFO 16467 [egg-schedule]: register schedule /home/abean/Documents/demos/egg&vue/egg-vue-element-admin-boilerplate/node_modules/_egg-logrotator@3.1.0@egg-logrotator/app/schedule/rotate_by_file.js
2020-01-08 15:11:05,645 INFO 16540 [egg-schedule]: register schedule /home/abean/Documents/demos/egg&vue/egg-vue-element-admin-boilerplate/node_modules/_egg-multipart@2.10.1@egg-multipart/app/schedule/clean_tmpdir.js
2020-01-08 15:11:05,645 INFO 16540 [egg-schedule]: register schedule /home/abean/Documents/demos/egg&vue/egg-vue-element-admin-boilerplate/node_modules/_egg-logrotator@3.1.0@egg-logrotator/app/schedule/clean_log.js
2020-01-08 15:11:05,645 INFO 16540 [egg-schedule]: register schedule /home/abean/Documents/demos/egg&vue/egg-vue-element-admin-boilerplate/node_modules/_egg-logrotator@3.1.0@egg-logrotator/app/schedule/rotate_by_file.js
2020-01-08 15:11:07,129 INFO 16567 [egg-schedule]: register schedule /home/abean/Documents/demos/egg&vue/egg-vue-element-admin-boilerplate/node_modules/_egg-multipart@2.10.1@egg-multipart/app/schedule/clean_tmpdir.js
2020-01-08 15:11:07,129 INFO 16567 [egg-schedule]: register schedule /home/abean/Documents/demos/egg&vue/egg-vue-element-admin-boilerplate/node_modules/_egg-logrotator@3.1.0@egg-logrotator/app/schedule/clean_log.js
2020-01-08 15:11:07,129 INFO 16567 [egg-schedule]: register schedule /home/abean/Documents/demos/egg&vue/egg-vue-element-admin-boilerplate/node_modules/_egg-logrotator@3.1.0@egg-logrotator/app/schedule/rotate_by_file.js
2020-01-08 15:12:29,315 INFO 16670 [egg-schedule]: register schedule /home/abean/Documents/demos/egg&vue/egg-vue-element-admin-boilerplate/node_modules/_egg-multipart@2.10.1@egg-multipart/app/schedule/clean_tmpdir.js
2020-01-08 15:12:29,315 INFO 16670 [egg-schedule]: register schedule /home/abean/Documents/demos/egg&vue/egg-vue-element-admin-boilerplate/node_modules/_egg-logrotator@3.1.0@egg-logrotator/app/schedule/clean_log.js
2020-01-08 15:12:29,315 INFO 16670 [egg-schedule]: register schedule /home/abean/Documents/demos/egg&vue/egg-vue-element-admin-boilerplate/node_modules/_egg-logrotator@3.1.0@egg-logrotator/app/schedule/rotate_by_file.js
2020-01-08 15:12:32,053 INFO 16693 [egg-schedule]: register schedule /home/abean/Documents/demos/egg&vue/egg-vue-element-admin-boilerplate/node_modules/_egg-multipart@2.10.1@egg-multipart/app/schedule/clean_tmpdir.js
2020-01-08 15:12:32,053 INFO 16693 [egg-schedule]: register schedule /home/abean/Documents/demos/egg&vue/egg-vue-element-admin-boilerplate/node_modules/_egg-logrotator@3.1.0@egg-logrotator/app/schedule/clean_log.js
2020-01-08 15:12:32,053 INFO 16693 [egg-schedule]: register schedule /home/abean/Documents/demos/egg&vue/egg-vue-element-admin-boilerplate/node_modules/_egg-logrotator@3.1.0@egg-logrotator/app/schedule/rotate_by_file.js
2020-01-08 15:12:33,610 INFO 16717 [egg-schedule]: register schedule /home/abean/Documents/demos/egg&vue/egg-vue-element-admin-boilerplate/node_modules/_egg-multipart@2.10.1@egg-multipart/app/schedule/clean_tmpdir.js
2020-01-08 15:12:33,611 INFO 16717 [egg-schedule]: register schedule /home/abean/Documents/demos/egg&vue/egg-vue-element-admin-boilerplate/node_modules/_egg-logrotator@3.1.0@egg-logrotator/app/schedule/clean_log.js
2020-01-08 15:12:33,611 INFO 16717 [egg-schedule]: register schedule /home/abean/Documents/demos/egg&vue/egg-vue-element-admin-boilerplate/node_modules/_egg-logrotator@3.1.0@egg-logrotator/app/schedule/rotate_by_file.js
2020-01-08 15:12:42,934 INFO 16895 [Timer] /home/abean/Documents/demos/egg&vue/egg-vue-element-admin-boilerplate/node_modules/_egg-multipart@2.10.1@egg-multipart/app/schedule/clean_tmpdir.js next time will execute after 47837069ms at 2020-01-09 04:30:00.003
2020-01-08 15:12:42,934 INFO 16895 [Timer] /home/abean/Documents/demos/egg&vue/egg-vue-element-admin-boilerplate/node_modules/_egg-logrotator@3.1.0@egg-logrotator/app/schedule/clean_log.js next time will execute after 31637066ms at 2020-01-09 00:00:00.000
2020-01-08 15:12:42,935 INFO 16895 [Timer] /home/abean/Documents/demos/egg&vue/egg-vue-element-admin-boilerplate/node_modules/_egg-logrotator@3.1.0@egg-logrotator/app/schedule/rotate_by_file.js next time will execute after 31638066ms at 2020-01-09 00:00:01.001
2020-01-08 15:12:42,840 INFO 16918 [egg-schedule]: register schedule /home/abean/Documents/demos/egg&vue/egg-vue-element-admin-boilerplate/node_modules/_egg-multipart@2.10.1@egg-multipart/app/schedule/clean_tmpdir.js
2020-01-08 15:12:42,840 INFO 16918 [egg-schedule]: register schedule /home/abean/Documents/demos/egg&vue/egg-vue-element-admin-boilerplate/node_modules/_egg-logrotator@3.1.0@egg-logrotator/app/schedule/clean_log.js
2020-01-08 15:12:42,840 INFO 16918 [egg-schedule]: register schedule /home/abean/Documents/demos/egg&vue/egg-vue-element-admin-boilerplate/node_modules/_egg-logrotator@3.1.0@egg-logrotator/app/schedule/rotate_by_file.js
2020-01-08 15:13:23,020 INFO 17238 [egg-schedule]: register schedule /home/abean/Documents/demos/egg&vue/egg-vue-element-admin-boilerplate/node_modules/_egg-multipart@2.10.1@egg-multipart/app/schedule/clean_tmpdir.js
2020-01-08 15:13:23,020 INFO 17238 [egg-schedule]: register schedule /home/abean/Documents/demos/egg&vue/egg-vue-element-admin-boilerplate/node_modules/_egg-logrotator@3.1.0@egg-logrotator/app/schedule/clean_log.js
2020-01-08 15:13:23,020 INFO 17238 [egg-schedule]: register schedule /home/abean/Documents/demos/egg&vue/egg-vue-element-admin-boilerplate/node_modules/_egg-logrotator@3.1.0@egg-logrotator/app/schedule/rotate_by_file.js
2020-01-08 15:13:26,203 INFO 17276 [egg-schedule]: register schedule /home/abean/Documents/demos/egg&vue/egg-vue-element-admin-boilerplate/node_modules/_egg-multipart@2.10.1@egg-multipart/app/schedule/clean_tmpdir.js
2020-01-08 15:13:26,203 INFO 17276 [egg-schedule]: register schedule /home/abean/Documents/demos/egg&vue/egg-vue-element-admin-boilerplate/node_modules/_egg-logrotator@3.1.0@egg-logrotator/app/schedule/clean_log.js
2020-01-08 15:13:26,203 INFO 17276 [egg-schedule]: register schedule /home/abean/Documents/demos/egg&vue/egg-vue-element-admin-boilerplate/node_modules/_egg-logrotator@3.1.0@egg-logrotator/app/schedule/rotate_by_file.js
2020-01-08 15:15:58,611 INFO 17866 [Timer] /home/abean/Documents/demos/egg&vue/egg-vue-element-admin-boilerplate/node_modules/_egg-multipart@2.10.1@egg-multipart/app/schedule/clean_tmpdir.js next time will execute after 47641392ms at 2020-01-09 04:30:00.003
2020-01-08 15:15:58,611 INFO 17866 [Timer] /home/abean/Documents/demos/egg&vue/egg-vue-element-admin-boilerplate/node_modules/_egg-logrotator@3.1.0@egg-logrotator/app/schedule/clean_log.js next time will execute after 31441389ms at 2020-01-09 00:00:00.000
2020-01-08 15:15:58,611 INFO 17866 [Timer] /home/abean/Documents/demos/egg&vue/egg-vue-element-admin-boilerplate/node_modules/_egg-logrotator@3.1.0@egg-logrotator/app/schedule/rotate_by_file.js next time will execute after 31442389ms at 2020-01-09 00:00:01.000
2020-01-08 15:15:58,537 INFO 17892 [egg-schedule]: register schedule /home/abean/Documents/demos/egg&vue/egg-vue-element-admin-boilerplate/node_modules/_egg-multipart@2.10.1@egg-multipart/app/schedule/clean_tmpdir.js
2020-01-08 15:15:58,537 INFO 17892 [egg-schedule]: register schedule /home/abean/Documents/demos/egg&vue/egg-vue-element-admin-boilerplate/node_modules/_egg-logrotator@3.1.0@egg-logrotator/app/schedule/clean_log.js
2020-01-08 15:15:58,537 INFO 17892 [egg-schedule]: register schedule /home/abean/Documents/demos/egg&vue/egg-vue-element-admin-boilerplate/node_modules/_egg-logrotator@3.1.0@egg-logrotator/app/schedule/rotate_by_file.js
2020-01-08 15:16:44,896 INFO 18228 [egg-schedule]: register schedule /home/abean/Documents/demos/egg&vue/egg-vue-element-admin-boilerplate/node_modules/_egg-multipart@2.10.1@egg-multipart/app/schedule/clean_tmpdir.js
2020-01-08 15:16:44,896 INFO 18228 [egg-schedule]: register schedule /home/abean/Documents/demos/egg&vue/egg-vue-element-admin-boilerplate/node_modules/_egg-logrotator@3.1.0@egg-logrotator/app/schedule/clean_log.js
2020-01-08 15:16:44,896 INFO 18228 [egg-schedule]: register schedule /home/abean/Documents/demos/egg&vue/egg-vue-element-admin-boilerplate/node_modules/_egg-logrotator@3.1.0@egg-logrotator/app/schedule/rotate_by_file.js
2020-01-08 15:16:46,639 INFO 18255 [egg-schedule]: register schedule /home/abean/Documents/demos/egg&vue/egg-vue-element-admin-boilerplate/node_modules/_egg-multipart@2.10.1@egg-multipart/app/schedule/clean_tmpdir.js
2020-01-08 15:16:46,639 INFO 18255 [egg-schedule]: register schedule /home/abean/Documents/demos/egg&vue/egg-vue-element-admin-boilerplate/node_modules/_egg-logrotator@3.1.0@egg-logrotator/app/schedule/clean_log.js
2020-01-08 15:16:46,639 INFO 18255 [egg-schedule]: register schedule /home/abean/Documents/demos/egg&vue/egg-vue-element-admin-boilerplate/node_modules/_egg-logrotator@3.1.0@egg-logrotator/app/schedule/rotate_by_file.js
2020-01-08 15:52:59,704 INFO 20801 [Timer] /home/abean/Documents/demos/egg&vue/egg-vue-element-admin-boilerplate/node_modules/_egg-multipart@2.10.1@egg-multipart/app/schedule/clean_tmpdir.js next time will execute after 45420299ms at 2020-01-09 04:30:00.003
2020-01-08 15:52:59,705 INFO 20801 [Timer] /home/abean/Documents/demos/egg&vue/egg-vue-element-admin-boilerplate/node_modules/_egg-logrotator@3.1.0@egg-logrotator/app/schedule/clean_log.js next time will execute after 29220296ms at 2020-01-09 00:00:00.001
2020-01-08 15:52:59,705 INFO 20801 [Timer] /home/abean/Documents/demos/egg&vue/egg-vue-element-admin-boilerplate/node_modules/_egg-logrotator@3.1.0@egg-logrotator/app/schedule/rotate_by_file.js next time will execute after 29221295ms at 2020-01-09 00:00:01.000
2020-01-08 15:52:59,624 INFO 20824 [egg-schedule]: register schedule /home/abean/Documents/demos/egg&vue/egg-vue-element-admin-boilerplate/node_modules/_egg-multipart@2.10.1@egg-multipart/app/schedule/clean_tmpdir.js
2020-01-08 15:52:59,624 INFO 20824 [egg-schedule]: register schedule /home/abean/Documents/demos/egg&vue/egg-vue-element-admin-boilerplate/node_modules/_egg-logrotator@3.1.0@egg-logrotator/app/schedule/clean_log.js
2020-01-08 15:52:59,624 INFO 20824 [egg-schedule]: register schedule /home/abean/Documents/demos/egg&vue/egg-vue-element-admin-boilerplate/node_modules/_egg-logrotator@3.1.0@egg-logrotator/app/schedule/rotate_by_file.js
2020-01-08 15:53:16,072 INFO 21117 [egg-schedule]: register schedule /home/abean/Documents/demos/egg&vue/egg-vue-element-admin-boilerplate/node_modules/_egg-multipart@2.10.1@egg-multipart/app/schedule/clean_tmpdir.js
2020-01-08 15:53:16,072 INFO 21117 [egg-schedule]: register schedule /home/abean/Documents/demos/egg&vue/egg-vue-element-admin-boilerplate/node_modules/_egg-logrotator@3.1.0@egg-logrotator/app/schedule/clean_log.js
2020-01-08 15:53:16,072 INFO 21117 [egg-schedule]: register schedule /home/abean/Documents/demos/egg&vue/egg-vue-element-admin-boilerplate/node_modules/_egg-logrotator@3.1.0@egg-logrotator/app/schedule/rotate_by_file.js
2020-01-08 16:10:13,356 INFO 22356 [Timer] /home/abean/Documents/demos/egg&vue/egg-vue-element-admin-boilerplate/node_modules/_egg-multipart@2.10.1@egg-multipart/app/schedule/clean_tmpdir.js next time will execute after 44386647ms at 2020-01-09 04:30:00.003
2020-01-08 16:10:13,356 INFO 22356 [Timer] /home/abean/Documents/demos/egg&vue/egg-vue-element-admin-boilerplate/node_modules/_egg-logrotator@3.1.0@egg-logrotator/app/schedule/clean_log.js next time will execute after 28186644ms at 2020-01-09 00:00:00.000
2020-01-08 16:10:13,357 INFO 22356 [Timer] /home/abean/Documents/demos/egg&vue/egg-vue-element-admin-boilerplate/node_modules/_egg-logrotator@3.1.0@egg-logrotator/app/schedule/rotate_by_file.js next time will execute after 28187644ms at 2020-01-09 00:00:01.001
2020-01-08 16:10:13,278 INFO 22379 [egg-schedule]: register schedule /home/abean/Documents/demos/egg&vue/egg-vue-element-admin-boilerplate/node_modules/_egg-multipart@2.10.1@egg-multipart/app/schedule/clean_tmpdir.js
2020-01-08 16:10:13,278 INFO 22379 [egg-schedule]: register schedule /home/abean/Documents/demos/egg&vue/egg-vue-element-admin-boilerplate/node_modules/_egg-logrotator@3.1.0@egg-logrotator/app/schedule/clean_log.js
2020-01-08 16:10:13,278 INFO 22379 [egg-schedule]: register schedule /home/abean/Documents/demos/egg&vue/egg-vue-element-admin-boilerplate/node_modules/_egg-logrotator@3.1.0@egg-logrotator/app/schedule/rotate_by_file.js
2020-01-08 16:10:47,314 INFO 22682 [egg-schedule]: register schedule /home/abean/Documents/demos/egg&vue/egg-vue-element-admin-boilerplate/node_modules/_egg-multipart@2.10.1@egg-multipart/app/schedule/clean_tmpdir.js
2020-01-08 16:10:47,314 INFO 22682 [egg-schedule]: register schedule /home/abean/Documents/demos/egg&vue/egg-vue-element-admin-boilerplate/node_modules/_egg-logrotator@3.1.0@egg-logrotator/app/schedule/clean_log.js
2020-01-08 16:10:47,314 INFO 22682 [egg-schedule]: register schedule /home/abean/Documents/demos/egg&vue/egg-vue-element-admin-boilerplate/node_modules/_egg-logrotator@3.1.0@egg-logrotator/app/schedule/rotate_by_file.js
2020-01-08 16:27:59,798 INFO 24140 [egg-schedule]: register schedule /home/abean/Documents/demos/egg&vue/egg-vue-element-admin-boilerplate/node_modules/_egg-multipart@2.10.1@egg-multipart/app/schedule/clean_tmpdir.js
2020-01-08 16:27:59,798 INFO 24140 [egg-schedule]: register schedule /home/abean/Documents/demos/egg&vue/egg-vue-element-admin-boilerplate/node_modules/_egg-logrotator@3.1.0@egg-logrotator/app/schedule/clean_log.js
2020-01-08 16:27:59,798 INFO 24140 [egg-schedule]: register schedule /home/abean/Documents/demos/egg&vue/egg-vue-element-admin-boilerplate/node_modules/_egg-logrotator@3.1.0@egg-logrotator/app/schedule/rotate_by_file.js
2020-01-08 16:28:34,915 INFO 24436 [Timer] /home/abean/Documents/demos/egg&vue/egg-vue-element-admin-boilerplate/node_modules/_egg-multipart@2.10.1@egg-multipart/app/schedule/clean_tmpdir.js next time will execute after 43285089ms at 2020-01-09 04:30:00.004
2020-01-08 16:28:34,915 INFO 24436 [Timer] /home/abean/Documents/demos/egg&vue/egg-vue-element-admin-boilerplate/node_modules/_egg-logrotator@3.1.0@egg-logrotator/app/schedule/clean_log.js next time will execute after 27085085ms at 2020-01-09 00:00:00.000
2020-01-08 16:28:34,916 INFO 24436 [Timer] /home/abean/Documents/demos/egg&vue/egg-vue-element-admin-boilerplate/node_modules/_egg-logrotator@3.1.0@egg-logrotator/app/schedule/rotate_by_file.js next time will execute after 27086085ms at 2020-01-09 00:00:01.001
2020-01-08 16:28:34,825 INFO 24469 [egg-schedule]: register schedule /home/abean/Documents/demos/egg&vue/egg-vue-element-admin-boilerplate/node_modules/_egg-multipart@2.10.1@egg-multipart/app/schedule/clean_tmpdir.js
2020-01-08 16:28:34,825 INFO 24469 [egg-schedule]: register schedule /home/abean/Documents/demos/egg&vue/egg-vue-element-admin-boilerplate/node_modules/_egg-logrotator@3.1.0@egg-logrotator/app/schedule/clean_log.js
2020-01-08 16:28:34,825 INFO 24469 [egg-schedule]: register schedule /home/abean/Documents/demos/egg&vue/egg-vue-element-admin-boilerplate/node_modules/_egg-logrotator@3.1.0@egg-logrotator/app/schedule/rotate_by_file.js
2020-01-08 16:28:52,460 INFO 24836 [Timer] /home/abean/Documents/demos/egg&vue/egg-vue-element-admin-boilerplate/node_modules/_egg-multipart@2.10.1@egg-multipart/app/schedule/clean_tmpdir.js next time will execute after 43267542ms at 2020-01-09 04:30:00.002
2020-01-08 16:28:52,461 INFO 24836 [Timer] /home/abean/Documents/demos/egg&vue/egg-vue-element-admin-boilerplate/node_modules/_egg-logrotator@3.1.0@egg-logrotator/app/schedule/clean_log.js next time will execute after 27067539ms at 2020-01-09 00:00:00.000
2020-01-08 16:28:52,461 INFO 24836 [Timer] /home/abean/Documents/demos/egg&vue/egg-vue-element-admin-boilerplate/node_modules/_egg-logrotator@3.1.0@egg-logrotator/app/schedule/rotate_by_file.js next time will execute after 27068539ms at 2020-01-09 00:00:01.000
2020-01-08 16:28:52,366 INFO 24859 [egg-schedule]: register schedule /home/abean/Documents/demos/egg&vue/egg-vue-element-admin-boilerplate/node_modules/_egg-multipart@2.10.1@egg-multipart/app/schedule/clean_tmpdir.js
2020-01-08 16:28:52,366 INFO 24859 [egg-schedule]: register schedule /home/abean/Documents/demos/egg&vue/egg-vue-element-admin-boilerplate/node_modules/_egg-logrotator@3.1.0@egg-logrotator/app/schedule/clean_log.js
2020-01-08 16:28:52,366 INFO 24859 [egg-schedule]: register schedule /home/abean/Documents/demos/egg&vue/egg-vue-element-admin-boilerplate/node_modules/_egg-logrotator@3.1.0@egg-logrotator/app/schedule/rotate_by_file.js
2020-01-08 16:29:16,847 INFO 25234 [Timer] /home/abean/Documents/demos/egg&vue/egg-vue-element-admin-boilerplate/node_modules/_egg-multipart@2.10.1@egg-multipart/app/schedule/clean_tmpdir.js next time will execute after 43243155ms at 2020-01-09 04:30:00.002
2020-01-08 16:29:16,848 INFO 25234 [Timer] /home/abean/Documents/demos/egg&vue/egg-vue-element-admin-boilerplate/node_modules/_egg-logrotator@3.1.0@egg-logrotator/app/schedule/clean_log.js next time will execute after 27043152ms at 2020-01-09 00:00:00.000
2020-01-08 16:29:16,848 INFO 25234 [Timer] /home/abean/Documents/demos/egg&vue/egg-vue-element-admin-boilerplate/node_modules/_egg-logrotator@3.1.0@egg-logrotator/app/schedule/rotate_by_file.js next time will execute after 27044152ms at 2020-01-09 00:00:01.000
2020-01-08 16:29:16,770 INFO 25257 [egg-schedule]: register schedule /home/abean/Documents/demos/egg&vue/egg-vue-element-admin-boilerplate/node_modules/_egg-multipart@2.10.1@egg-multipart/app/schedule/clean_tmpdir.js
2020-01-08 16:29:16,770 INFO 25257 [egg-schedule]: register schedule /home/abean/Documents/demos/egg&vue/egg-vue-element-admin-boilerplate/node_modules/_egg-logrotator@3.1.0@egg-logrotator/app/schedule/clean_log.js
2020-01-08 16:29:16,770 INFO 25257 [egg-schedule]: register schedule /home/abean/Documents/demos/egg&vue/egg-vue-element-admin-boilerplate/node_modules/_egg-logrotator@3.1.0@egg-logrotator/app/schedule/rotate_by_file.js
2020-01-13 17:40:09,616 INFO 12807 [Timer] /home/abean/Documents/demos/egg&vue/egg-vue-element-admin-boilerplate/node_modules/_egg-multipart@2.10.1@egg-multipart/app/schedule/clean_tmpdir.js next time will execute after 38990387ms at 2020-01-14 04:30:00.003
2020-01-13 17:40:09,617 INFO 12807 [Timer] /home/abean/Documents/demos/egg&vue/egg-vue-element-admin-boilerplate/node_modules/_egg-logrotator@3.1.0@egg-logrotator/app/schedule/clean_log.js next time will execute after 22790383ms at 2020-01-14 00:00:00.000
2020-01-13 17:40:09,618 INFO 12807 [Timer] /home/abean/Documents/demos/egg&vue/egg-vue-element-admin-boilerplate/node_modules/_egg-logrotator@3.1.0@egg-logrotator/app/schedule/rotate_by_file.js next time will execute after 22791383ms at 2020-01-14 00:00:01.001
2020-01-13 17:40:09,524 INFO 12830 [egg-schedule]: register schedule /home/abean/Documents/demos/egg&vue/egg-vue-element-admin-boilerplate/node_modules/_egg-multipart@2.10.1@egg-multipart/app/schedule/clean_tmpdir.js
2020-01-13 17:40:09,524 INFO 12830 [egg-schedule]: register schedule /home/abean/Documents/demos/egg&vue/egg-vue-element-admin-boilerplate/node_modules/_egg-logrotator@3.1.0@egg-logrotator/app/schedule/clean_log.js
2020-01-13 17:40:09,524 INFO 12830 [egg-schedule]: register schedule /home/abean/Documents/demos/egg&vue/egg-vue-element-admin-boilerplate/node_modules/_egg-logrotator@3.1.0@egg-logrotator/app/schedule/rotate_by_file.js
2020-01-13 17:41:59,267 INFO 13374 [egg-schedule]: register schedule /home/abean/Documents/demos/egg&vue/egg-vue-element-admin-boilerplate/node_modules/_egg-multipart@2.10.1@egg-multipart/app/schedule/clean_tmpdir.js
2020-01-13 17:41:59,267 INFO 13374 [egg-schedule]: register schedule /home/abean/Documents/demos/egg&vue/egg-vue-element-admin-boilerplate/node_modules/_egg-logrotator@3.1.0@egg-logrotator/app/schedule/clean_log.js
2020-01-13 17:41:59,267 INFO 13374 [egg-schedule]: register schedule /home/abean/Documents/demos/egg&vue/egg-vue-element-admin-boilerplate/node_modules/_egg-logrotator@3.1.0@egg-logrotator/app/schedule/rotate_by_file.js
2020-01-13 17:42:18,267 INFO 13423 [egg-schedule]: register schedule /home/abean/Documents/demos/egg&vue/egg-vue-element-admin-boilerplate/node_modules/_egg-multipart@2.10.1@egg-multipart/app/schedule/clean_tmpdir.js
2020-01-13 17:42:18,267 INFO 13423 [egg-schedule]: register schedule /home/abean/Documents/demos/egg&vue/egg-vue-element-admin-boilerplate/node_modules/_egg-logrotator@3.1.0@egg-logrotator/app/schedule/clean_log.js
2020-01-13 17:42:18,267 INFO 13423 [egg-schedule]: register schedule /home/abean/Documents/demos/egg&vue/egg-vue-element-admin-boilerplate/node_modules/_egg-logrotator@3.1.0@egg-logrotator/app/schedule/rotate_by_file.js
2020-01-13 17:42:25,892 INFO 13455 [egg-schedule]: register schedule /home/abean/Documents/demos/egg&vue/egg-vue-element-admin-boilerplate/node_modules/_egg-multipart@2.10.1@egg-multipart/app/schedule/clean_tmpdir.js
2020-01-13 17:42:25,892 INFO 13455 [egg-schedule]: register schedule /home/abean/Documents/demos/egg&vue/egg-vue-element-admin-boilerplate/node_modules/_egg-logrotator@3.1.0@egg-logrotator/app/schedule/clean_log.js
2020-01-13 17:42:25,892 INFO 13455 [egg-schedule]: register schedule /home/abean/Documents/demos/egg&vue/egg-vue-element-admin-boilerplate/node_modules/_egg-logrotator@3.1.0@egg-logrotator/app/schedule/rotate_by_file.js
2020-01-13 17:42:27,656 INFO 13489 [egg-schedule]: register schedule /home/abean/Documents/demos/egg&vue/egg-vue-element-admin-boilerplate/node_modules/_egg-multipart@2.10.1@egg-multipart/app/schedule/clean_tmpdir.js
2020-01-13 17:42:27,656 INFO 13489 [egg-schedule]: register schedule /home/abean/Documents/demos/egg&vue/egg-vue-element-admin-boilerplate/node_modules/_egg-logrotator@3.1.0@egg-logrotator/app/schedule/clean_log.js
2020-01-13 17:42:27,656 INFO 13489 [egg-schedule]: register schedule /home/abean/Documents/demos/egg&vue/egg-vue-element-admin-boilerplate/node_modules/_egg-logrotator@3.1.0@egg-logrotator/app/schedule/rotate_by_file.js
2020-01-13 17:42:38,057 INFO 13530 [egg-schedule]: register schedule /home/abean/Documents/demos/egg&vue/egg-vue-element-admin-boilerplate/node_modules/_egg-multipart@2.10.1@egg-multipart/app/schedule/clean_tmpdir.js
2020-01-13 17:42:38,057 INFO 13530 [egg-schedule]: register schedule /home/abean/Documents/demos/egg&vue/egg-vue-element-admin-boilerplate/node_modules/_egg-logrotator@3.1.0@egg-logrotator/app/schedule/clean_log.js
2020-01-13 17:42:38,057 INFO 13530 [egg-schedule]: register schedule /home/abean/Documents/demos/egg&vue/egg-vue-element-admin-boilerplate/node_modules/_egg-logrotator@3.1.0@egg-logrotator/app/schedule/rotate_by_file.js
2020-01-13 17:42:44,748 INFO 13565 [egg-schedule]: register schedule /home/abean/Documents/demos/egg&vue/egg-vue-element-admin-boilerplate/node_modules/_egg-multipart@2.10.1@egg-multipart/app/schedule/clean_tmpdir.js
2020-01-13 17:42:44,748 INFO 13565 [egg-schedule]: register schedule /home/abean/Documents/demos/egg&vue/egg-vue-element-admin-boilerplate/node_modules/_egg-logrotator@3.1.0@egg-logrotator/app/schedule/clean_log.js
2020-01-13 17:42:44,748 INFO 13565 [egg-schedule]: register schedule /home/abean/Documents/demos/egg&vue/egg-vue-element-admin-boilerplate/node_modules/_egg-logrotator@3.1.0@egg-logrotator/app/schedule/rotate_by_file.js
2020-01-13 17:42:49,884 INFO 13588 [egg-schedule]: register schedule /home/abean/Documents/demos/egg&vue/egg-vue-element-admin-boilerplate/node_modules/_egg-multipart@2.10.1@egg-multipart/app/schedule/clean_tmpdir.js
2020-01-13 17:42:49,884 INFO 13588 [egg-schedule]: register schedule /home/abean/Documents/demos/egg&vue/egg-vue-element-admin-boilerplate/node_modules/_egg-logrotator@3.1.0@egg-logrotator/app/schedule/clean_log.js
2020-01-13 17:42:49,884 INFO 13588 [egg-schedule]: register schedule /home/abean/Documents/demos/egg&vue/egg-vue-element-admin-boilerplate/node_modules/_egg-logrotator@3.1.0@egg-logrotator/app/schedule/rotate_by_file.js
2020-01-13 17:42:54,020 INFO 13618 [egg-schedule]: register schedule /home/abean/Documents/demos/egg&vue/egg-vue-element-admin-boilerplate/node_modules/_egg-multipart@2.10.1@egg-multipart/app/schedule/clean_tmpdir.js
2020-01-13 17:42:54,020 INFO 13618 [egg-schedule]: register schedule /home/abean/Documents/demos/egg&vue/egg-vue-element-admin-boilerplate/node_modules/_egg-logrotator@3.1.0@egg-logrotator/app/schedule/clean_log.js
2020-01-13 17:42:54,020 INFO 13618 [egg-schedule]: register schedule /home/abean/Documents/demos/egg&vue/egg-vue-element-admin-boilerplate/node_modules/_egg-logrotator@3.1.0@egg-logrotator/app/schedule/rotate_by_file.js
2020-01-13 17:43:56,754 INFO 13795 [egg-schedule]: register schedule /home/abean/Documents/demos/egg&vue/egg-vue-element-admin-boilerplate/node_modules/_egg-multipart@2.10.1@egg-multipart/app/schedule/clean_tmpdir.js
2020-01-13 17:43:56,754 INFO 13795 [egg-schedule]: register schedule /home/abean/Documents/demos/egg&vue/egg-vue-element-admin-boilerplate/node_modules/_egg-logrotator@3.1.0@egg-logrotator/app/schedule/clean_log.js
2020-01-13 17:43:56,754 INFO 13795 [egg-schedule]: register schedule /home/abean/Documents/demos/egg&vue/egg-vue-element-admin-boilerplate/node_modules/_egg-logrotator@3.1.0@egg-logrotator/app/schedule/rotate_by_file.js
2020-01-13 17:44:26,163 INFO 13832 [egg-schedule]: register schedule /home/abean/Documents/demos/egg&vue/egg-vue-element-admin-boilerplate/node_modules/_egg-multipart@2.10.1@egg-multipart/app/schedule/clean_tmpdir.js
2020-01-13 17:44:26,163 INFO 13832 [egg-schedule]: register schedule /home/abean/Documents/demos/egg&vue/egg-vue-element-admin-boilerplate/node_modules/_egg-logrotator@3.1.0@egg-logrotator/app/schedule/clean_log.js
2020-01-13 17:44:26,163 INFO 13832 [egg-schedule]: register schedule /home/abean/Documents/demos/egg&vue/egg-vue-element-admin-boilerplate/node_modules/_egg-logrotator@3.1.0@egg-logrotator/app/schedule/rotate_by_file.js
2020-01-13 17:44:28,667 INFO 13880 [egg-schedule]: register schedule /home/abean/Documents/demos/egg&vue/egg-vue-element-admin-boilerplate/node_modules/_egg-multipart@2.10.1@egg-multipart/app/schedule/clean_tmpdir.js
2020-01-13 17:44:28,668 INFO 13880 [egg-schedule]: register schedule /home/abean/Documents/demos/egg&vue/egg-vue-element-admin-boilerplate/node_modules/_egg-logrotator@3.1.0@egg-logrotator/app/schedule/clean_log.js
2020-01-13 17:44:28,668 INFO 13880 [egg-schedule]: register schedule /home/abean/Documents/demos/egg&vue/egg-vue-element-admin-boilerplate/node_modules/_egg-logrotator@3.1.0@egg-logrotator/app/schedule/rotate_by_file.js
2020-01-13 17:44:30,617 INFO 13906 [egg-schedule]: register schedule /home/abean/Documents/demos/egg&vue/egg-vue-element-admin-boilerplate/node_modules/_egg-multipart@2.10.1@egg-multipart/app/schedule/clean_tmpdir.js
2020-01-13 17:44:30,617 INFO 13906 [egg-schedule]: register schedule /home/abean/Documents/demos/egg&vue/egg-vue-element-admin-boilerplate/node_modules/_egg-logrotator@3.1.0@egg-logrotator/app/schedule/clean_log.js
2020-01-13 17:44:30,617 INFO 13906 [egg-schedule]: register schedule /home/abean/Documents/demos/egg&vue/egg-vue-element-admin-boilerplate/node_modules/_egg-logrotator@3.1.0@egg-logrotator/app/schedule/rotate_by_file.js
2020-01-13 17:44:35,051 INFO 13940 [egg-schedule]: register schedule /home/abean/Documents/demos/egg&vue/egg-vue-element-admin-boilerplate/node_modules/_egg-multipart@2.10.1@egg-multipart/app/schedule/clean_tmpdir.js
2020-01-13 17:44:35,051 INFO 13940 [egg-schedule]: register schedule /home/abean/Documents/demos/egg&vue/egg-vue-element-admin-boilerplate/node_modules/_egg-logrotator@3.1.0@egg-logrotator/app/schedule/clean_log.js
2020-01-13 17:44:35,051 INFO 13940 [egg-schedule]: register schedule /home/abean/Documents/demos/egg&vue/egg-vue-element-admin-boilerplate/node_modules/_egg-logrotator@3.1.0@egg-logrotator/app/schedule/rotate_by_file.js
2020-01-13 17:46:36,597 INFO 14639 [egg-schedule]: register schedule /home/abean/Documents/demos/egg&vue/egg-vue-element-admin-boilerplate/node_modules/_egg-multipart@2.10.1@egg-multipart/app/schedule/clean_tmpdir.js
2020-01-13 17:46:36,597 INFO 14639 [egg-schedule]: register schedule /home/abean/Documents/demos/egg&vue/egg-vue-element-admin-boilerplate/node_modules/_egg-logrotator@3.1.0@egg-logrotator/app/schedule/clean_log.js
2020-01-13 17:46:36,597 INFO 14639 [egg-schedule]: register schedule /home/abean/Documents/demos/egg&vue/egg-vue-element-admin-boilerplate/node_modules/_egg-logrotator@3.1.0@egg-logrotator/app/schedule/rotate_by_file.js
2020-01-13 17:47:18,294 INFO 14696 [egg-schedule]: register schedule /home/abean/Documents/demos/egg&vue/egg-vue-element-admin-boilerplate/node_modules/_egg-multipart@2.10.1@egg-multipart/app/schedule/clean_tmpdir.js
2020-01-13 17:47:18,294 INFO 14696 [egg-schedule]: register schedule /home/abean/Documents/demos/egg&vue/egg-vue-element-admin-boilerplate/node_modules/_egg-logrotator@3.1.0@egg-logrotator/app/schedule/clean_log.js
2020-01-13 17:47:18,294 INFO 14696 [egg-schedule]: register schedule /home/abean/Documents/demos/egg&vue/egg-vue-element-admin-boilerplate/node_modules/_egg-logrotator@3.1.0@egg-logrotator/app/schedule/rotate_by_file.js
2020-01-13 17:48:23,582 INFO 14879 [egg-schedule]: register schedule /home/abean/Documents/demos/egg&vue/egg-vue-element-admin-boilerplate/node_modules/_egg-multipart@2.10.1@egg-multipart/app/schedule/clean_tmpdir.js
2020-01-13 17:48:23,582 INFO 14879 [egg-schedule]: register schedule /home/abean/Documents/demos/egg&vue/egg-vue-element-admin-boilerplate/node_modules/_egg-logrotator@3.1.0@egg-logrotator/app/schedule/clean_log.js
2020-01-13 17:48:23,582 INFO 14879 [egg-schedule]: register schedule /home/abean/Documents/demos/egg&vue/egg-vue-element-admin-boilerplate/node_modules/_egg-logrotator@3.1.0@egg-logrotator/app/schedule/rotate_by_file.js
2020-01-13 17:48:25,807 INFO 14909 [egg-schedule]: register schedule /home/abean/Documents/demos/egg&vue/egg-vue-element-admin-boilerplate/node_modules/_egg-multipart@2.10.1@egg-multipart/app/schedule/clean_tmpdir.js
2020-01-13 17:48:25,807 INFO 14909 [egg-schedule]: register schedule /home/abean/Documents/demos/egg&vue/egg-vue-element-admin-boilerplate/node_modules/_egg-logrotator@3.1.0@egg-logrotator/app/schedule/clean_log.js
2020-01-13 17:48:25,807 INFO 14909 [egg-schedule]: register schedule /home/abean/Documents/demos/egg&vue/egg-vue-element-admin-boilerplate/node_modules/_egg-logrotator@3.1.0@egg-logrotator/app/schedule/rotate_by_file.js
2020-01-13 17:48:32,453 INFO 14945 [egg-schedule]: register schedule /home/abean/Documents/demos/egg&vue/egg-vue-element-admin-boilerplate/node_modules/_egg-multipart@2.10.1@egg-multipart/app/schedule/clean_tmpdir.js
2020-01-13 17:48:32,453 INFO 14945 [egg-schedule]: register schedule /home/abean/Documents/demos/egg&vue/egg-vue-element-admin-boilerplate/node_modules/_egg-logrotator@3.1.0@egg-logrotator/app/schedule/clean_log.js
2020-01-13 17:48:32,453 INFO 14945 [egg-schedule]: register schedule /home/abean/Documents/demos/egg&vue/egg-vue-element-admin-boilerplate/node_modules/_egg-logrotator@3.1.0@egg-logrotator/app/schedule/rotate_by_file.js
2020-01-13 17:48:36,071 INFO 14981 [egg-schedule]: register schedule /home/abean/Documents/demos/egg&vue/egg-vue-element-admin-boilerplate/node_modules/_egg-multipart@2.10.1@egg-multipart/app/schedule/clean_tmpdir.js
2020-01-13 17:48:36,071 INFO 14981 [egg-schedule]: register schedule /home/abean/Documents/demos/egg&vue/egg-vue-element-admin-boilerplate/node_modules/_egg-logrotator@3.1.0@egg-logrotator/app/schedule/clean_log.js
2020-01-13 17:48:36,071 INFO 14981 [egg-schedule]: register schedule /home/abean/Documents/demos/egg&vue/egg-vue-element-admin-boilerplate/node_modules/_egg-logrotator@3.1.0@egg-logrotator/app/schedule/rotate_by_file.js
2020-01-13 17:48:40,471 INFO 15011 [egg-schedule]: register schedule /home/abean/Documents/demos/egg&vue/egg-vue-element-admin-boilerplate/node_modules/_egg-multipart@2.10.1@egg-multipart/app/schedule/clean_tmpdir.js
2020-01-13 17:48:40,471 INFO 15011 [egg-schedule]: register schedule /home/abean/Documents/demos/egg&vue/egg-vue-element-admin-boilerplate/node_modules/_egg-logrotator@3.1.0@egg-logrotator/app/schedule/clean_log.js
2020-01-13 17:48:40,471 INFO 15011 [egg-schedule]: register schedule /home/abean/Documents/demos/egg&vue/egg-vue-element-admin-boilerplate/node_modules/_egg-logrotator@3.1.0@egg-logrotator/app/schedule/rotate_by_file.js
2020-01-13 17:48:43,680 INFO 15035 [egg-schedule]: register schedule /home/abean/Documents/demos/egg&vue/egg-vue-element-admin-boilerplate/node_modules/_egg-multipart@2.10.1@egg-multipart/app/schedule/clean_tmpdir.js
2020-01-13 17:48:43,680 INFO 15035 [egg-schedule]: register schedule /home/abean/Documents/demos/egg&vue/egg-vue-element-admin-boilerplate/node_modules/_egg-logrotator@3.1.0@egg-logrotator/app/schedule/clean_log.js
2020-01-13 17:48:43,680 INFO 15035 [egg-schedule]: register schedule /home/abean/Documents/demos/egg&vue/egg-vue-element-admin-boilerplate/node_modules/_egg-logrotator@3.1.0@egg-logrotator/app/schedule/rotate_by_file.js
2020-01-13 17:54:58,139 INFO 16012 [Timer] /home/abean/Documents/demos/egg&vue/egg-vue-element-admin-boilerplate/node_modules/_egg-multipart@2.10.1@egg-multipart/app/schedule/clean_tmpdir.js next time will execute after 38101864ms at 2020-01-14 04:30:00.003
2020-01-13 17:54:58,139 INFO 16012 [Timer] /home/abean/Documents/demos/egg&vue/egg-vue-element-admin-boilerplate/node_modules/_egg-logrotator@3.1.0@egg-logrotator/app/schedule/clean_log.js next time will execute after 21901861ms at 2020-01-14 00:00:00.000
2020-01-13 17:54:58,139 INFO 16012 [Timer] /home/abean/Documents/demos/egg&vue/egg-vue-element-admin-boilerplate/node_modules/_egg-logrotator@3.1.0@egg-logrotator/app/schedule/rotate_by_file.js next time will execute after 21902861ms at 2020-01-14 00:00:01.000
2020-01-13 17:54:58,049 INFO 16035 [egg-schedule]: register schedule /home/abean/Documents/demos/egg&vue/egg-vue-element-admin-boilerplate/node_modules/_egg-multipart@2.10.1@egg-multipart/app/schedule/clean_tmpdir.js
2020-01-13 17:54:58,049 INFO 16035 [egg-schedule]: register schedule /home/abean/Documents/demos/egg&vue/egg-vue-element-admin-boilerplate/node_modules/_egg-logrotator@3.1.0@egg-logrotator/app/schedule/clean_log.js
2020-01-13 17:54:58,049 INFO 16035 [egg-schedule]: register schedule /home/abean/Documents/demos/egg&vue/egg-vue-element-admin-boilerplate/node_modules/_egg-logrotator@3.1.0@egg-logrotator/app/schedule/rotate_by_file.js
2020-01-13 17:56:43,227 INFO 16773 [egg-schedule]: register schedule /home/abean/Documents/demos/egg&vue/egg-vue-element-admin-boilerplate/node_modules/_egg-multipart@2.10.1@egg-multipart/app/schedule/clean_tmpdir.js
2020-01-13 17:56:43,227 INFO 16773 [egg-schedule]: register schedule /home/abean/Documents/demos/egg&vue/egg-vue-element-admin-boilerplate/node_modules/_egg-logrotator@3.1.0@egg-logrotator/app/schedule/clean_log.js
2020-01-13 17:56:43,227 INFO 16773 [egg-schedule]: register schedule /home/abean/Documents/demos/egg&vue/egg-vue-element-admin-boilerplate/node_modules/_egg-logrotator@3.1.0@egg-logrotator/app/schedule/rotate_by_file.js
2020-01-13 17:56:44,848 INFO 16810 [egg-schedule]: register schedule /home/abean/Documents/demos/egg&vue/egg-vue-element-admin-boilerplate/node_modules/_egg-multipart@2.10.1@egg-multipart/app/schedule/clean_tmpdir.js
2020-01-13 17:56:44,848 INFO 16810 [egg-schedule]: register schedule /home/abean/Documents/demos/egg&vue/egg-vue-element-admin-boilerplate/node_modules/_egg-logrotator@3.1.0@egg-logrotator/app/schedule/clean_log.js
2020-01-13 17:56:44,848 INFO 16810 [egg-schedule]: register schedule /home/abean/Documents/demos/egg&vue/egg-vue-element-admin-boilerplate/node_modules/_egg-logrotator@3.1.0@egg-logrotator/app/schedule/rotate_by_file.js
2020-01-13 17:57:45,271 INFO 16873 [egg-schedule]: register schedule /home/abean/Documents/demos/egg&vue/egg-vue-element-admin-boilerplate/node_modules/_egg-multipart@2.10.1@egg-multipart/app/schedule/clean_tmpdir.js
2020-01-13 17:57:45,271 INFO 16873 [egg-schedule]: register schedule /home/abean/Documents/demos/egg&vue/egg-vue-element-admin-boilerplate/node_modules/_egg-logrotator@3.1.0@egg-logrotator/app/schedule/clean_log.js
2020-01-13 17:57:45,271 INFO 16873 [egg-schedule]: register schedule /home/abean/Documents/demos/egg&vue/egg-vue-element-admin-boilerplate/node_modules/_egg-logrotator@3.1.0@egg-logrotator/app/schedule/rotate_by_file.js
2020-01-13 17:57:47,168 INFO 16903 [egg-schedule]: register schedule /home/abean/Documents/demos/egg&vue/egg-vue-element-admin-boilerplate/node_modules/_egg-multipart@2.10.1@egg-multipart/app/schedule/clean_tmpdir.js
2020-01-13 17:57:47,168 INFO 16903 [egg-schedule]: register schedule /home/abean/Documents/demos/egg&vue/egg-vue-element-admin-boilerplate/node_modules/_egg-logrotator@3.1.0@egg-logrotator/app/schedule/clean_log.js
2020-01-13 17:57:47,168 INFO 16903 [egg-schedule]: register schedule /home/abean/Documents/demos/egg&vue/egg-vue-element-admin-boilerplate/node_modules/_egg-logrotator@3.1.0@egg-logrotator/app/schedule/rotate_by_file.js
2020-01-13 17:58:06,697 INFO 17001 [Timer] /home/abean/Documents/demos/egg&vue/egg-vue-element-admin-boilerplate/node_modules/_egg-multipart@2.10.1@egg-multipart/app/schedule/clean_tmpdir.js next time will execute after 37913307ms at 2020-01-14 04:30:00.004
2020-01-13 17:58:06,697 INFO 17001 [Timer] /home/abean/Documents/demos/egg&vue/egg-vue-element-admin-boilerplate/node_modules/_egg-logrotator@3.1.0@egg-logrotator/app/schedule/clean_log.js next time will execute after 21713303ms at 2020-01-14 00:00:00.000
2020-01-13 17:58:06,697 INFO 17001 [Timer] /home/abean/Documents/demos/egg&vue/egg-vue-element-admin-boilerplate/node_modules/_egg-logrotator@3.1.0@egg-logrotator/app/schedule/rotate_by_file.js next time will execute after 21714303ms at 2020-01-14 00:00:01.000
2020-01-13 17:58:06,615 INFO 17024 [egg-schedule]: register schedule /home/abean/Documents/demos/egg&vue/egg-vue-element-admin-boilerplate/node_modules/_egg-multipart@2.10.1@egg-multipart/app/schedule/clean_tmpdir.js
2020-01-13 17:58:06,615 INFO 17024 [egg-schedule]: register schedule /home/abean/Documents/demos/egg&vue/egg-vue-element-admin-boilerplate/node_modules/_egg-logrotator@3.1.0@egg-logrotator/app/schedule/clean_log.js
2020-01-13 17:58:06,615 INFO 17024 [egg-schedule]: register schedule /home/abean/Documents/demos/egg&vue/egg-vue-element-admin-boilerplate/node_modules/_egg-logrotator@3.1.0@egg-logrotator/app/schedule/rotate_by_file.js
2020-01-13 18:09:21,386 INFO 18843 [Timer] /home/abean/Documents/demos/egg&vue/egg-vue-element-admin-boilerplate/node_modules/_egg-multipart@2.10.1@egg-multipart/app/schedule/clean_tmpdir.js next time will execute after 37238617ms at 2020-01-14 04:30:00.003
2020-01-13 18:09:21,386 INFO 18843 [Timer] /home/abean/Documents/demos/egg&vue/egg-vue-element-admin-boilerplate/node_modules/_egg-logrotator@3.1.0@egg-logrotator/app/schedule/clean_log.js next time will execute after 21038614ms at 2020-01-14 00:00:00.000
2020-01-13 18:09:21,387 INFO 18843 [Timer] /home/abean/Documents/demos/egg&vue/egg-vue-element-admin-boilerplate/node_modules/_egg-logrotator@3.1.0@egg-logrotator/app/schedule/rotate_by_file.js next time will execute after 21039614ms at 2020-01-14 00:00:01.001
2020-01-13 18:09:21,306 INFO 18866 [egg-schedule]: register schedule /home/abean/Documents/demos/egg&vue/egg-vue-element-admin-boilerplate/node_modules/_egg-multipart@2.10.1@egg-multipart/app/schedule/clean_tmpdir.js
2020-01-13 18:09:21,306 INFO 18866 [egg-schedule]: register schedule /home/abean/Documents/demos/egg&vue/egg-vue-element-admin-boilerplate/node_modules/_egg-logrotator@3.1.0@egg-logrotator/app/schedule/clean_log.js
2020-01-13 18:09:21,306 INFO 18866 [egg-schedule]: register schedule /home/abean/Documents/demos/egg&vue/egg-vue-element-admin-boilerplate/node_modules/_egg-logrotator@3.1.0@egg-logrotator/app/schedule/rotate_by_file.js
2020-01-13 18:10:59,962 INFO 19490 [Timer] /home/abean/Documents/demos/egg&vue/egg-vue-element-admin-boilerplate/node_modules/_egg-multipart@2.10.1@egg-multipart/app/schedule/clean_tmpdir.js next time will execute after 37140043ms at 2020-01-14 04:30:00.005
2020-01-13 18:10:59,962 INFO 19490 [Timer] /home/abean/Documents/demos/egg&vue/egg-vue-element-admin-boilerplate/node_modules/_egg-logrotator@3.1.0@egg-logrotator/app/schedule/clean_log.js next time will execute after 20940038ms at 2020-01-14 00:00:00.000
2020-01-13 18:10:59,963 INFO 19490 [Timer] /home/abean/Documents/demos/egg&vue/egg-vue-element-admin-boilerplate/node_modules/_egg-logrotator@3.1.0@egg-logrotator/app/schedule/rotate_by_file.js next time will execute after 20941038ms at 2020-01-14 00:00:01.001
2020-01-13 18:10:59,860 INFO 19515 [egg-schedule]: register schedule /home/abean/Documents/demos/egg&vue/egg-vue-element-admin-boilerplate/node_modules/_egg-multipart@2.10.1@egg-multipart/app/schedule/clean_tmpdir.js
2020-01-13 18:10:59,860 INFO 19515 [egg-schedule]: register schedule /home/abean/Documents/demos/egg&vue/egg-vue-element-admin-boilerplate/node_modules/_egg-logrotator@3.1.0@egg-logrotator/app/schedule/clean_log.js
2020-01-13 18:10:59,860 INFO 19515 [egg-schedule]: register schedule /home/abean/Documents/demos/egg&vue/egg-vue-element-admin-boilerplate/node_modules/_egg-logrotator@3.1.0@egg-logrotator/app/schedule/rotate_by_file.js
2020-01-13 18:21:26,362 INFO 21729 [Timer] /home/abean/Documents/demos/egg&vue/egg-vue-element-admin-boilerplate/node_modules/_egg-multipart@2.10.1@egg-multipart/app/schedule/clean_tmpdir.js next time will execute after 36513640ms at 2020-01-14 04:30:00.002
2020-01-13 18:21:26,363 INFO 21729 [Timer] /home/abean/Documents/demos/egg&vue/egg-vue-element-admin-boilerplate/node_modules/_egg-logrotator@3.1.0@egg-logrotator/app/schedule/clean_log.js next time will execute after 20313638ms at 2020-01-14 00:00:00.001
2020-01-13 18:21:26,363 INFO 21729 [Timer] /home/abean/Documents/demos/egg&vue/egg-vue-element-admin-boilerplate/node_modules/_egg-logrotator@3.1.0@egg-logrotator/app/schedule/rotate_by_file.js next time will execute after 20314637ms at 2020-01-14 00:00:01.000
2020-01-13 18:21:26,259 INFO 21752 [egg-schedule]: register schedule /home/abean/Documents/demos/egg&vue/egg-vue-element-admin-boilerplate/node_modules/_egg-multipart@2.10.1@egg-multipart/app/schedule/clean_tmpdir.js
2020-01-13 18:21:26,259 INFO 21752 [egg-schedule]: register schedule /home/abean/Documents/demos/egg&vue/egg-vue-element-admin-boilerplate/node_modules/_egg-logrotator@3.1.0@egg-logrotator/app/schedule/clean_log.js
2020-01-13 18:21:26,259 INFO 21752 [egg-schedule]: register schedule /home/abean/Documents/demos/egg&vue/egg-vue-element-admin-boilerplate/node_modules/_egg-logrotator@3.1.0@egg-logrotator/app/schedule/rotate_by_file.js
